[debug] [2024-02-27T13:57:53.604Z] ----------------------------------------------------------------------
[debug] [2024-02-27T13:57:53.606Z] Command:       /usr/local/bin/firebase /Users/kapilupadhyay/.cache/firebase/tools/lib/node_modules/firebase-tools/lib/bin/firebase init
[debug] [2024-02-27T13:57:53.606Z] CLI Version:   10.0.1
[debug] [2024-02-27T13:57:53.606Z] Platform:      darwin
[debug] [2024-02-27T13:57:53.606Z] Node Version:  v12.18.1
[debug] [2024-02-27T13:57:53.610Z] Time:          Tue Feb 27 2024 19:27:53 GMT+0530 (India Standard Time)
[debug] [2024-02-27T13:57:53.610Z] ----------------------------------------------------------------------
[debug] 
[debug] [2024-02-27T13:57:53.614Z] >>> [apiv2][query] GET https://firebase-public.firebaseio.com/cli.json [none]
[debug] [2024-02-27T13:57:53.629Z] > command requires scopes: ["email","openid","https://www.googleapis.com/auth/cloudplatformprojects.readonly","https://www.googleapis.com/auth/firebase","https://www.googleapis.com/auth/cloud-platform"]
[debug] [2024-02-27T13:57:53.629Z] > authorizing via signed-in user (kapil303196@gmail.com)
[info] 
     ######## #### ########  ######## ########     ###     ######  ########
     ##        ##  ##     ## ##       ##     ##  ##   ##  ##       ##
     ######    ##  ########  ######   ########  #########  ######  ######
     ##        ##  ##    ##  ##       ##     ## ##     ##       ## ##
     ##       #### ##     ## ######## ########  ##     ##  ######  ########

You're about to initialize a Firebase project in this directory:

  /Users/kapilupadhyay/Desktop/projects/todo-app/todo-app

[debug] [2024-02-27T13:57:54.239Z] <<< [apiv2][status] GET https://firebase-public.firebaseio.com/cli.json 200
[debug] [2024-02-27T13:57:54.239Z] <<< [apiv2][body] GET https://firebase-public.firebaseio.com/cli.json {"cloudBuildErrorAfter":1594252800000,"cloudBuildWarnAfter":1590019200000,"defaultNode10After":1594252800000,"minVersion":"3.0.5","node8DeploysDisabledAfter":1613390400000,"node8RuntimeDisabledAfter":1615809600000,"node8WarnAfter":1600128000000}
[debug] [2024-02-27T17:44:05.861Z] Error: write EIO
    at afterWriteDispatched (internal/stream_base_commons.js:154:25)
    at writeGeneric (internal/stream_base_commons.js:145:3)
    at WriteStream.Socket._writeGeneric (net.js:786:11)
    at WriteStream.Socket._write (net.js:798:8)
    at doWrite (_stream_writable.js:403:12)
    at writeOrBuffer (_stream_writable.js:387:5)
    at WriteStream.Writable.write (_stream_writable.js:318:11)
    at EventEmitter.signalExit.alwaysLast (/Users/kapilupadhyay/.cache/firebase/tools/lib/node_modules/restore-cursor/index.js:7:18)
    at EventEmitter.emit (events.js:315:20)
    at EventEmitter.emit (domain.js:482:12)
    at emit (/Users/kapilupadhyay/.cache/firebase/tools/lib/node_modules/signal-exit/index.js:103:13)
    at process.listener (/Users/kapilupadhyay/.cache/firebase/tools/lib/node_modules/signal-exit/index.js:123:9)
    at process.emit (events.js:315:20)
